<?xml version="1.0" encoding="UTF-8"?>
<testsuite xmlns:xsi="http://www.w3.org/2001/XMLSchema-instance" xsi:noNamespaceSchemaLocation="https://maven.apache.org/surefire/maven-surefire-plugin/xsd/surefire-test-report-3.0.xsd" version="3.0" name="IntervenantTest" time="0.176" tests="3" errors="0" skipped="0" failures="0">
  <properties>
[...]
</properties>
  <testcase name="testAfficherMenuPrincipal_logoutOption" classname="IntervenantTest" time="0.139"/>
  <testcase name="testAuthentifier_invalidCredentials" classname="IntervenantTest" time="0.008"/>
  <testcase name="testAuthentifier_validCredentials" classname="IntervenantTest" time="0.002"/>
</testsuite>