<?xml version="1.0" encoding="UTF-8"?>
<testsuite xmlns:xsi="http://www.w3.org/2001/XMLSchema-instance" xsi:noNamespaceSchemaLocation="https://maven.apache.org/surefire/maven-surefire-plugin/xsd/surefire-test-report-3.0.xsd" version="3.0" name="AccountControllerTest" time="2.504" tests="3" errors="0" skipped="0" failures="0">
  <properties>
[...]
</properties>
  <testcase name="testCreateIntervenantAccount" classname="AccountControllerTest" time="2.396">
    <system-out><![CDATA[Loading data from file: C:\Users\Asus\AppData\Local\Temp\test_users16617737332073295828.json
Choisissez le type de compte à créer :
1. Résident
2. Intervenant
Entrez votre choix (1 ou 2) : Inscription Intervenant :
Entrez votre nom complet : Choisissez votre type d'intervenant :
1. PUBLIC
2. PRIVATE
3. INDIVIDUAL
Entrez votre choix (1, 2 ou 3) : Entrez votre adresse email : Entrez votre mot de passe : Entrez votre identifiant de ville (code à 8 chiffres) : Compte Intervenant créé avec succès !
JSON data before saving: {"intervenants":[{"id":"1","name":"Jane Smith","email":"jane@example.com","password":"password456","cityId":"12345678","type":"PRIVATE"}],"residents":[]}
Data saved to JSON file at: C:\Users\Asus\AppData\Local\Temp\test_users16617737332073295828.json
Loading data from file: C:\Users\Asus\AppData\Local\Temp\test_users16617737332073295828.json
]]></system-out>
  </testcase>
  <testcase name="testCreateResidentAccount" classname="AccountControllerTest" time="0.016">
    <system-out><![CDATA[Loading data from file: C:\Users\Asus\AppData\Local\Temp\test_users14644231150489715908.json
Choisissez le type de compte à créer :
1. Résident
2. Intervenant
Entrez votre choix (1 ou 2) : Inscription Résident :
Entrez votre nom complet : Entrez votre date de naissance (AAAA-MM-JJ) : Entrez votre adresse email : Entrez votre mot de passe : Entrez votre numéro de rue : Entrez le nom de votre rue : Entrez votre code postal (3 premières lettres ou chiffres): Compte Résident créé avec succès !
JSON data before saving: {"intervenants":[],"residents":[{"id":"1","name":"John Doe","email":"john@example.com","password":"password123","birthDate":"1990-01-01","address":{"streetNumber":"123","streetName":"Main St","postalCode":"H2X"}}]}
Data saved to JSON file at: C:\Users\Asus\AppData\Local\Temp\test_users14644231150489715908.json
Loading data from file: C:\Users\Asus\AppData\Local\Temp\test_users14644231150489715908.json
]]></system-out>
  </testcase>
  <testcase name="testLoadAndSaveJsonData" classname="AccountControllerTest" time="0.011">
    <system-out><![CDATA[Loading data from file: C:\Users\Asus\AppData\Local\Temp\test_users1817224896171545496.json
Loading data from file: C:\Users\Asus\AppData\Local\Temp\test_users1817224896171545496.json
]]></system-out>
  </testcase>
</testsuite>